[1.094s] Invoking command in 'c:\Users\marti\Documents\GitHub\GameEngine': PYTHONPATH=c:\Users\marti\Documents\GitHub\GameEngine\install\game_engine\Lib\site-packages;%PYTHONPATH% c:\opt\ros\foxy\x64\python.exe setup.py egg_info --egg-base c:\Users\marti\Documents\GitHub\GameEngine\build\game_engine build --build-base c:\Users\marti\Documents\GitHub\GameEngine\build\game_engine\build install --prefix c:\Users\marti\Documents\GitHub\GameEngine\install\game_engine --record c:\Users\marti\Documents\GitHub\GameEngine\build\game_engine\install.log --single-version-externally-managed
[1.860s] running egg_info
[1.860s] writing c:\Users\marti\Documents\GitHub\GameEngine\build\game_engine\game_engine.egg-info\PKG-INFO
[1.875s] writing dependency_links to c:\Users\marti\Documents\GitHub\GameEngine\build\game_engine\game_engine.egg-info\dependency_links.txt
[1.875s] writing entry points to c:\Users\marti\Documents\GitHub\GameEngine\build\game_engine\game_engine.egg-info\entry_points.txt
[1.875s] writing requirements to c:\Users\marti\Documents\GitHub\GameEngine\build\game_engine\game_engine.egg-info\requires.txt
[1.875s] writing top-level names to c:\Users\marti\Documents\GitHub\GameEngine\build\game_engine\game_engine.egg-info\top_level.txt
[1.922s] reading manifest file 'c:\Users\marti\Documents\GitHub\GameEngine\build\game_engine\game_engine.egg-info\SOURCES.txt'
[1.922s] writing manifest file 'c:\Users\marti\Documents\GitHub\GameEngine\build\game_engine\game_engine.egg-info\SOURCES.txt'
[1.938s] running build
[1.938s] running build_py
[1.938s] copying game_engine/Engine/Players\ai.py -> c:\Users\marti\Documents\GitHub\GameEngine\build\game_engine\build\lib\game_engine/Engine/Players
[1.954s] running install
[1.954s] running install_lib
[1.954s] copying c:\Users\marti\Documents\GitHub\GameEngine\build\game_engine\build\lib\game_engine\Engine\Players\ai.py -> c:\Users\marti\Documents\GitHub\GameEngine\install\game_engine\Lib\site-packages\game_engine\Engine\Players
[1.985s] writing byte-compilation script 'C:\Users\marti\AppData\Local\Temp\tmp8h4nqdye.py'
[1.985s] c:\opt\ros\foxy\x64\python.exe C:\Users\marti\AppData\Local\Temp\tmp8h4nqdye.py
[2.141s] removing C:\Users\marti\AppData\Local\Temp\tmp8h4nqdye.py
[2.141s] running install_data
[2.141s] running install_egg_info
[2.141s] removing 'c:\Users\marti\Documents\GitHub\GameEngine\install\game_engine\Lib\site-packages\game_engine-0.0.0-py3.8.egg-info' (and everything under it)
[2.157s] Copying c:\Users\marti\Documents\GitHub\GameEngine\build\game_engine\game_engine.egg-info to c:\Users\marti\Documents\GitHub\GameEngine\install\game_engine\Lib\site-packages\game_engine-0.0.0-py3.8.egg-info
[2.188s] running install_scripts
[2.219s] Installing lan-script.py script to c:\Users\marti\Documents\GitHub\GameEngine\install\game_engine\lib\game_engine
[2.219s] Installing lan.exe script to c:\Users\marti\Documents\GitHub\GameEngine\install\game_engine\lib\game_engine
[2.219s] Installing local-script.py script to c:\Users\marti\Documents\GitHub\GameEngine\install\game_engine\lib\game_engine
[2.235s] Installing local.exe script to c:\Users\marti\Documents\GitHub\GameEngine\install\game_engine\lib\game_engine
[2.235s] writing list of installed files to 'c:\Users\marti\Documents\GitHub\GameEngine\build\game_engine\install.log'
[2.266s] Invoked command in 'c:\Users\marti\Documents\GitHub\GameEngine' returned '0': PYTHONPATH=c:\Users\marti\Documents\GitHub\GameEngine\install\game_engine\Lib\site-packages;%PYTHONPATH% c:\opt\ros\foxy\x64\python.exe setup.py egg_info --egg-base c:\Users\marti\Documents\GitHub\GameEngine\build\game_engine build --build-base c:\Users\marti\Documents\GitHub\GameEngine\build\game_engine\build install --prefix c:\Users\marti\Documents\GitHub\GameEngine\install\game_engine --record c:\Users\marti\Documents\GitHub\GameEngine\build\game_engine\install.log --single-version-externally-managed
