running egg_info
creating c:\Users\marti\Documents\GitHub\MasterGameEngine\build\game_engine\game_engine.egg-info
writing c:\Users\marti\Documents\GitHub\MasterGameEngine\build\game_engine\game_engine.egg-info\PKG-INFO
writing dependency_links to c:\Users\marti\Documents\GitHub\MasterGameEngine\build\game_engine\game_engine.egg-info\dependency_links.txt
writing entry points to c:\Users\marti\Documents\GitHub\MasterGameEngine\build\game_engine\game_engine.egg-info\entry_points.txt
writing requirements to c:\Users\marti\Documents\GitHub\MasterGameEngine\build\game_engine\game_engine.egg-info\requires.txt
writing top-level names to c:\Users\marti\Documents\GitHub\MasterGameEngine\build\game_engine\game_engine.egg-info\top_level.txt
writing manifest file 'c:\Users\marti\Documents\GitHub\MasterGameEngine\build\game_engine\game_engine.egg-info\SOURCES.txt'
reading manifest file 'c:\Users\marti\Documents\GitHub\MasterGameEngine\build\game_engine\game_engine.egg-info\SOURCES.txt'
writing manifest file 'c:\Users\marti\Documents\GitHub\MasterGameEngine\build\game_engine\game_engine.egg-info\SOURCES.txt'
running build
running build_py
creating c:\Users\marti\Documents\GitHub\MasterGameEngine\build\game_engine\build
creating c:\Users\marti\Documents\GitHub\MasterGameEngine\build\game_engine\build\lib
creating c:\Users\marti\Documents\GitHub\MasterGameEngine\build\game_engine\build\lib\game_engine
copying game_engine\lan.py -> c:\Users\marti\Documents\GitHub\MasterGameEngine\build\game_engine\build\lib\game_engine
copying game_engine\local.py -> c:\Users\marti\Documents\GitHub\MasterGameEngine\build\game_engine\build\lib\game_engine
copying game_engine\__init__.py -> c:\Users\marti\Documents\GitHub\MasterGameEngine\build\game_engine\build\lib\game_engine
creating c:\Users\marti\Documents\GitHub\MasterGameEngine\build\game_engine\build\lib\game_engine\Engine
copying game_engine/Engine\boards.py -> c:\Users\marti\Documents\GitHub\MasterGameEngine\build\game_engine\build\lib\game_engine/Engine
copying game_engine/Engine\coordinate.py -> c:\Users\marti\Documents\GitHub\MasterGameEngine\build\game_engine\build\lib\game_engine/Engine
copying game_engine/Engine\error.py -> c:\Users\marti\Documents\GitHub\MasterGameEngine\build\game_engine\build\lib\game_engine/Engine
copying game_engine/Engine\gameEngine.py -> c:\Users\marti\Documents\GitHub\MasterGameEngine\build\game_engine\build\lib\game_engine/Engine
copying game_engine/Engine\__init__.py -> c:\Users\marti\Documents\GitHub\MasterGameEngine\build\game_engine\build\lib\game_engine/Engine
creating c:\Users\marti\Documents\GitHub\MasterGameEngine\build\game_engine\build\lib\game_engine\Engine\Players
copying game_engine/Engine/Players\ai.py -> c:\Users\marti\Documents\GitHub\MasterGameEngine\build\game_engine\build\lib\game_engine/Engine/Players
copying game_engine/Engine/Players\lan_ai.py -> c:\Users\marti\Documents\GitHub\MasterGameEngine\build\game_engine\build\lib\game_engine/Engine/Players
copying game_engine/Engine/Players\lan_player.py -> c:\Users\marti\Documents\GitHub\MasterGameEngine\build\game_engine\build\lib\game_engine/Engine/Players
copying game_engine/Engine/Players\lan_target.py -> c:\Users\marti\Documents\GitHub\MasterGameEngine\build\game_engine\build\lib\game_engine/Engine/Players
copying game_engine/Engine/Players\player.py -> c:\Users\marti\Documents\GitHub\MasterGameEngine\build\game_engine\build\lib\game_engine/Engine/Players
copying game_engine/Engine/Players\__init__.py -> c:\Users\marti\Documents\GitHub\MasterGameEngine\build\game_engine\build\lib\game_engine/Engine/Players
creating c:\Users\marti\Documents\GitHub\MasterGameEngine\build\game_engine\build\lib\game_engine\Nodes
copying game_engine/Nodes\listenerNode.py -> c:\Users\marti\Documents\GitHub\MasterGameEngine\build\game_engine\build\lib\game_engine/Nodes
copying game_engine/Nodes\publisherNode.py -> c:\Users\marti\Documents\GitHub\MasterGameEngine\build\game_engine\build\lib\game_engine/Nodes
copying game_engine/Nodes\queue.py -> c:\Users\marti\Documents\GitHub\MasterGameEngine\build\game_engine\build\lib\game_engine/Nodes
copying game_engine/Nodes\__init__.py -> c:\Users\marti\Documents\GitHub\MasterGameEngine\build\game_engine\build\lib\game_engine/Nodes
creating c:\Users\marti\Documents\GitHub\MasterGameEngine\build\game_engine\build\lib\game_engine\Connection
copying game_engine/Connection\connect.py -> c:\Users\marti\Documents\GitHub\MasterGameEngine\build\game_engine\build\lib\game_engine/Connection
copying game_engine/Connection\__init__.py -> c:\Users\marti\Documents\GitHub\MasterGameEngine\build\game_engine\build\lib\game_engine/Connection
running install
running install_lib
creating c:\Users\marti\Documents\GitHub\MasterGameEngine\install\game_engine\Lib\site-packages\game_engine
creating c:\Users\marti\Documents\GitHub\MasterGameEngine\install\game_engine\Lib\site-packages\game_engine\Connection
copying c:\Users\marti\Documents\GitHub\MasterGameEngine\build\game_engine\build\lib\game_engine\Connection\connect.py -> c:\Users\marti\Documents\GitHub\MasterGameEngine\install\game_engine\Lib\site-packages\game_engine\Connection
copying c:\Users\marti\Documents\GitHub\MasterGameEngine\build\game_engine\build\lib\game_engine\Connection\__init__.py -> c:\Users\marti\Documents\GitHub\MasterGameEngine\install\game_engine\Lib\site-packages\game_engine\Connection
creating c:\Users\marti\Documents\GitHub\MasterGameEngine\install\game_engine\Lib\site-packages\game_engine\Engine
copying c:\Users\marti\Documents\GitHub\MasterGameEngine\build\game_engine\build\lib\game_engine\Engine\boards.py -> c:\Users\marti\Documents\GitHub\MasterGameEngine\install\game_engine\Lib\site-packages\game_engine\Engine
copying c:\Users\marti\Documents\GitHub\MasterGameEngine\build\game_engine\build\lib\game_engine\Engine\coordinate.py -> c:\Users\marti\Documents\GitHub\MasterGameEngine\install\game_engine\Lib\site-packages\game_engine\Engine
copying c:\Users\marti\Documents\GitHub\MasterGameEngine\build\game_engine\build\lib\game_engine\Engine\error.py -> c:\Users\marti\Documents\GitHub\MasterGameEngine\install\game_engine\Lib\site-packages\game_engine\Engine
copying c:\Users\marti\Documents\GitHub\MasterGameEngine\build\game_engine\build\lib\game_engine\Engine\gameEngine.py -> c:\Users\marti\Documents\GitHub\MasterGameEngine\install\game_engine\Lib\site-packages\game_engine\Engine
creating c:\Users\marti\Documents\GitHub\MasterGameEngine\install\game_engine\Lib\site-packages\game_engine\Engine\Players
copying c:\Users\marti\Documents\GitHub\MasterGameEngine\build\game_engine\build\lib\game_engine\Engine\Players\ai.py -> c:\Users\marti\Documents\GitHub\MasterGameEngine\install\game_engine\Lib\site-packages\game_engine\Engine\Players
copying c:\Users\marti\Documents\GitHub\MasterGameEngine\build\game_engine\build\lib\game_engine\Engine\Players\lan_ai.py -> c:\Users\marti\Documents\GitHub\MasterGameEngine\install\game_engine\Lib\site-packages\game_engine\Engine\Players
copying c:\Users\marti\Documents\GitHub\MasterGameEngine\build\game_engine\build\lib\game_engine\Engine\Players\lan_player.py -> c:\Users\marti\Documents\GitHub\MasterGameEngine\install\game_engine\Lib\site-packages\game_engine\Engine\Players
copying c:\Users\marti\Documents\GitHub\MasterGameEngine\build\game_engine\build\lib\game_engine\Engine\Players\lan_target.py -> c:\Users\marti\Documents\GitHub\MasterGameEngine\install\game_engine\Lib\site-packages\game_engine\Engine\Players
copying c:\Users\marti\Documents\GitHub\MasterGameEngine\build\game_engine\build\lib\game_engine\Engine\Players\player.py -> c:\Users\marti\Documents\GitHub\MasterGameEngine\install\game_engine\Lib\site-packages\game_engine\Engine\Players
copying c:\Users\marti\Documents\GitHub\MasterGameEngine\build\game_engine\build\lib\game_engine\Engine\Players\__init__.py -> c:\Users\marti\Documents\GitHub\MasterGameEngine\install\game_engine\Lib\site-packages\game_engine\Engine\Players
copying c:\Users\marti\Documents\GitHub\MasterGameEngine\build\game_engine\build\lib\game_engine\Engine\__init__.py -> c:\Users\marti\Documents\GitHub\MasterGameEngine\install\game_engine\Lib\site-packages\game_engine\Engine
copying c:\Users\marti\Documents\GitHub\MasterGameEngine\build\game_engine\build\lib\game_engine\lan.py -> c:\Users\marti\Documents\GitHub\MasterGameEngine\install\game_engine\Lib\site-packages\game_engine
copying c:\Users\marti\Documents\GitHub\MasterGameEngine\build\game_engine\build\lib\game_engine\local.py -> c:\Users\marti\Documents\GitHub\MasterGameEngine\install\game_engine\Lib\site-packages\game_engine
creating c:\Users\marti\Documents\GitHub\MasterGameEngine\install\game_engine\Lib\site-packages\game_engine\Nodes
copying c:\Users\marti\Documents\GitHub\MasterGameEngine\build\game_engine\build\lib\game_engine\Nodes\listenerNode.py -> c:\Users\marti\Documents\GitHub\MasterGameEngine\install\game_engine\Lib\site-packages\game_engine\Nodes
copying c:\Users\marti\Documents\GitHub\MasterGameEngine\build\game_engine\build\lib\game_engine\Nodes\publisherNode.py -> c:\Users\marti\Documents\GitHub\MasterGameEngine\install\game_engine\Lib\site-packages\game_engine\Nodes
copying c:\Users\marti\Documents\GitHub\MasterGameEngine\build\game_engine\build\lib\game_engine\Nodes\queue.py -> c:\Users\marti\Documents\GitHub\MasterGameEngine\install\game_engine\Lib\site-packages\game_engine\Nodes
copying c:\Users\marti\Documents\GitHub\MasterGameEngine\build\game_engine\build\lib\game_engine\Nodes\__init__.py -> c:\Users\marti\Documents\GitHub\MasterGameEngine\install\game_engine\Lib\site-packages\game_engine\Nodes
copying c:\Users\marti\Documents\GitHub\MasterGameEngine\build\game_engine\build\lib\game_engine\__init__.py -> c:\Users\marti\Documents\GitHub\MasterGameEngine\install\game_engine\Lib\site-packages\game_engine
writing byte-compilation script 'C:\Users\marti\AppData\Local\Temp\tmpoxrg0zvq.py'
c:\opt\ros\foxy\x64\python.exe C:\Users\marti\AppData\Local\Temp\tmpoxrg0zvq.py
removing C:\Users\marti\AppData\Local\Temp\tmpoxrg0zvq.py
running install_data
creating c:\Users\marti\Documents\GitHub\MasterGameEngine\install\game_engine\share\ament_index
creating c:\Users\marti\Documents\GitHub\MasterGameEngine\install\game_engine\share\ament_index\resource_index
creating c:\Users\marti\Documents\GitHub\MasterGameEngine\install\game_engine\share\ament_index\resource_index\packages
copying resource\game_engine -> c:\Users\marti\Documents\GitHub\MasterGameEngine\install\game_engine\share\ament_index\resource_index\packages
copying package.xml -> c:\Users\marti\Documents\GitHub\MasterGameEngine\install\game_engine\share\game_engine
running install_egg_info
Copying c:\Users\marti\Documents\GitHub\MasterGameEngine\build\game_engine\game_engine.egg-info to c:\Users\marti\Documents\GitHub\MasterGameEngine\install\game_engine\Lib\site-packages\game_engine-0.0.0-py3.8.egg-info
running install_scripts
Installing lan-script.py script to c:\Users\marti\Documents\GitHub\MasterGameEngine\install\game_engine\lib\game_engine
Installing lan.exe script to c:\Users\marti\Documents\GitHub\MasterGameEngine\install\game_engine\lib\game_engine
Installing local-script.py script to c:\Users\marti\Documents\GitHub\MasterGameEngine\install\game_engine\lib\game_engine
Installing local.exe script to c:\Users\marti\Documents\GitHub\MasterGameEngine\install\game_engine\lib\game_engine
writing list of installed files to 'c:\Users\marti\Documents\GitHub\MasterGameEngine\build\game_engine\install.log'
