[1.328s] Invoking command in 'c:\Users\marti\Documents\GitHub\MasterGameEngine': PYTHONPATH=c:\Users\marti\Documents\GitHub\MasterGameEngine\install\game_engine\Lib\site-packages;%PYTHONPATH% c:\opt\ros\foxy\x64\python.exe setup.py egg_info --egg-base c:\Users\marti\Documents\GitHub\MasterGameEngine\build\game_engine build --build-base c:\Users\marti\Documents\GitHub\MasterGameEngine\build\game_engine\build install --prefix c:\Users\marti\Documents\GitHub\MasterGameEngine\install\game_engine --record c:\Users\marti\Documents\GitHub\MasterGameEngine\build\game_engine\install.log --single-version-externally-managed
[2.312s] running egg_info
[2.312s] creating c:\Users\marti\Documents\GitHub\MasterGameEngine\build\game_engine\game_engine.egg-info
[2.312s] writing c:\Users\marti\Documents\GitHub\MasterGameEngine\build\game_engine\game_engine.egg-info\PKG-INFO
[2.328s] writing dependency_links to c:\Users\marti\Documents\GitHub\MasterGameEngine\build\game_engine\game_engine.egg-info\dependency_links.txt
[2.328s] writing entry points to c:\Users\marti\Documents\GitHub\MasterGameEngine\build\game_engine\game_engine.egg-info\entry_points.txt
[2.328s] writing requirements to c:\Users\marti\Documents\GitHub\MasterGameEngine\build\game_engine\game_engine.egg-info\requires.txt
[2.328s] writing top-level names to c:\Users\marti\Documents\GitHub\MasterGameEngine\build\game_engine\game_engine.egg-info\top_level.txt
[2.328s] writing manifest file 'c:\Users\marti\Documents\GitHub\MasterGameEngine\build\game_engine\game_engine.egg-info\SOURCES.txt'
[2.390s] reading manifest file 'c:\Users\marti\Documents\GitHub\MasterGameEngine\build\game_engine\game_engine.egg-info\SOURCES.txt'
[2.390s] writing manifest file 'c:\Users\marti\Documents\GitHub\MasterGameEngine\build\game_engine\game_engine.egg-info\SOURCES.txt'
[2.390s] running build
[2.406s] running build_py
[2.406s] creating c:\Users\marti\Documents\GitHub\MasterGameEngine\build\game_engine\build
[2.406s] creating c:\Users\marti\Documents\GitHub\MasterGameEngine\build\game_engine\build\lib
[2.406s] creating c:\Users\marti\Documents\GitHub\MasterGameEngine\build\game_engine\build\lib\game_engine
[2.406s] copying game_engine\lan.py -> c:\Users\marti\Documents\GitHub\MasterGameEngine\build\game_engine\build\lib\game_engine
[2.406s] copying game_engine\local.py -> c:\Users\marti\Documents\GitHub\MasterGameEngine\build\game_engine\build\lib\game_engine
[2.406s] copying game_engine\__init__.py -> c:\Users\marti\Documents\GitHub\MasterGameEngine\build\game_engine\build\lib\game_engine
[2.406s] creating c:\Users\marti\Documents\GitHub\MasterGameEngine\build\game_engine\build\lib\game_engine\Engine
[2.406s] copying game_engine/Engine\boards.py -> c:\Users\marti\Documents\GitHub\MasterGameEngine\build\game_engine\build\lib\game_engine/Engine
[2.406s] copying game_engine/Engine\coordinate.py -> c:\Users\marti\Documents\GitHub\MasterGameEngine\build\game_engine\build\lib\game_engine/Engine
[2.406s] copying game_engine/Engine\error.py -> c:\Users\marti\Documents\GitHub\MasterGameEngine\build\game_engine\build\lib\game_engine/Engine
[2.406s] copying game_engine/Engine\gameEngine.py -> c:\Users\marti\Documents\GitHub\MasterGameEngine\build\game_engine\build\lib\game_engine/Engine
[2.421s] copying game_engine/Engine\__init__.py -> c:\Users\marti\Documents\GitHub\MasterGameEngine\build\game_engine\build\lib\game_engine/Engine
[2.421s] creating c:\Users\marti\Documents\GitHub\MasterGameEngine\build\game_engine\build\lib\game_engine\Engine\Players
[2.421s] copying game_engine/Engine/Players\ai.py -> c:\Users\marti\Documents\GitHub\MasterGameEngine\build\game_engine\build\lib\game_engine/Engine/Players
[2.421s] copying game_engine/Engine/Players\lan_ai.py -> c:\Users\marti\Documents\GitHub\MasterGameEngine\build\game_engine\build\lib\game_engine/Engine/Players
[2.421s] copying game_engine/Engine/Players\lan_player.py -> c:\Users\marti\Documents\GitHub\MasterGameEngine\build\game_engine\build\lib\game_engine/Engine/Players
[2.421s] copying game_engine/Engine/Players\lan_target.py -> c:\Users\marti\Documents\GitHub\MasterGameEngine\build\game_engine\build\lib\game_engine/Engine/Players
[2.421s] copying game_engine/Engine/Players\player.py -> c:\Users\marti\Documents\GitHub\MasterGameEngine\build\game_engine\build\lib\game_engine/Engine/Players
[2.437s] copying game_engine/Engine/Players\__init__.py -> c:\Users\marti\Documents\GitHub\MasterGameEngine\build\game_engine\build\lib\game_engine/Engine/Players
[2.437s] creating c:\Users\marti\Documents\GitHub\MasterGameEngine\build\game_engine\build\lib\game_engine\Nodes
[2.437s] copying game_engine/Nodes\listenerNode.py -> c:\Users\marti\Documents\GitHub\MasterGameEngine\build\game_engine\build\lib\game_engine/Nodes
[2.437s] copying game_engine/Nodes\publisherNode.py -> c:\Users\marti\Documents\GitHub\MasterGameEngine\build\game_engine\build\lib\game_engine/Nodes
[2.437s] copying game_engine/Nodes\queue.py -> c:\Users\marti\Documents\GitHub\MasterGameEngine\build\game_engine\build\lib\game_engine/Nodes
[2.437s] copying game_engine/Nodes\__init__.py -> c:\Users\marti\Documents\GitHub\MasterGameEngine\build\game_engine\build\lib\game_engine/Nodes
[2.437s] creating c:\Users\marti\Documents\GitHub\MasterGameEngine\build\game_engine\build\lib\game_engine\Connection
[2.437s] copying game_engine/Connection\connect.py -> c:\Users\marti\Documents\GitHub\MasterGameEngine\build\game_engine\build\lib\game_engine/Connection
[2.453s] copying game_engine/Connection\__init__.py -> c:\Users\marti\Documents\GitHub\MasterGameEngine\build\game_engine\build\lib\game_engine/Connection
[2.453s] running install
[2.453s] running install_lib
[2.468s] creating c:\Users\marti\Documents\GitHub\MasterGameEngine\install\game_engine\Lib\site-packages\game_engine
[2.468s] creating c:\Users\marti\Documents\GitHub\MasterGameEngine\install\game_engine\Lib\site-packages\game_engine\Connection
[2.468s] copying c:\Users\marti\Documents\GitHub\MasterGameEngine\build\game_engine\build\lib\game_engine\Connection\connect.py -> c:\Users\marti\Documents\GitHub\MasterGameEngine\install\game_engine\Lib\site-packages\game_engine\Connection
[2.468s] copying c:\Users\marti\Documents\GitHub\MasterGameEngine\build\game_engine\build\lib\game_engine\Connection\__init__.py -> c:\Users\marti\Documents\GitHub\MasterGameEngine\install\game_engine\Lib\site-packages\game_engine\Connection
[2.484s] creating c:\Users\marti\Documents\GitHub\MasterGameEngine\install\game_engine\Lib\site-packages\game_engine\Engine
[2.484s] copying c:\Users\marti\Documents\GitHub\MasterGameEngine\build\game_engine\build\lib\game_engine\Engine\boards.py -> c:\Users\marti\Documents\GitHub\MasterGameEngine\install\game_engine\Lib\site-packages\game_engine\Engine
[2.484s] copying c:\Users\marti\Documents\GitHub\MasterGameEngine\build\game_engine\build\lib\game_engine\Engine\coordinate.py -> c:\Users\marti\Documents\GitHub\MasterGameEngine\install\game_engine\Lib\site-packages\game_engine\Engine
[2.500s] copying c:\Users\marti\Documents\GitHub\MasterGameEngine\build\game_engine\build\lib\game_engine\Engine\error.py -> c:\Users\marti\Documents\GitHub\MasterGameEngine\install\game_engine\Lib\site-packages\game_engine\Engine
[2.500s] copying c:\Users\marti\Documents\GitHub\MasterGameEngine\build\game_engine\build\lib\game_engine\Engine\gameEngine.py -> c:\Users\marti\Documents\GitHub\MasterGameEngine\install\game_engine\Lib\site-packages\game_engine\Engine
[2.515s] creating c:\Users\marti\Documents\GitHub\MasterGameEngine\install\game_engine\Lib\site-packages\game_engine\Engine\Players
[2.515s] copying c:\Users\marti\Documents\GitHub\MasterGameEngine\build\game_engine\build\lib\game_engine\Engine\Players\ai.py -> c:\Users\marti\Documents\GitHub\MasterGameEngine\install\game_engine\Lib\site-packages\game_engine\Engine\Players
[2.515s] copying c:\Users\marti\Documents\GitHub\MasterGameEngine\build\game_engine\build\lib\game_engine\Engine\Players\lan_ai.py -> c:\Users\marti\Documents\GitHub\MasterGameEngine\install\game_engine\Lib\site-packages\game_engine\Engine\Players
[2.531s] copying c:\Users\marti\Documents\GitHub\MasterGameEngine\build\game_engine\build\lib\game_engine\Engine\Players\lan_player.py -> c:\Users\marti\Documents\GitHub\MasterGameEngine\install\game_engine\Lib\site-packages\game_engine\Engine\Players
[2.531s] copying c:\Users\marti\Documents\GitHub\MasterGameEngine\build\game_engine\build\lib\game_engine\Engine\Players\lan_target.py -> c:\Users\marti\Documents\GitHub\MasterGameEngine\install\game_engine\Lib\site-packages\game_engine\Engine\Players
[2.546s] copying c:\Users\marti\Documents\GitHub\MasterGameEngine\build\game_engine\build\lib\game_engine\Engine\Players\player.py -> c:\Users\marti\Documents\GitHub\MasterGameEngine\install\game_engine\Lib\site-packages\game_engine\Engine\Players
[2.546s] copying c:\Users\marti\Documents\GitHub\MasterGameEngine\build\game_engine\build\lib\game_engine\Engine\Players\__init__.py -> c:\Users\marti\Documents\GitHub\MasterGameEngine\install\game_engine\Lib\site-packages\game_engine\Engine\Players
[2.546s] copying c:\Users\marti\Documents\GitHub\MasterGameEngine\build\game_engine\build\lib\game_engine\Engine\__init__.py -> c:\Users\marti\Documents\GitHub\MasterGameEngine\install\game_engine\Lib\site-packages\game_engine\Engine
[2.562s] copying c:\Users\marti\Documents\GitHub\MasterGameEngine\build\game_engine\build\lib\game_engine\lan.py -> c:\Users\marti\Documents\GitHub\MasterGameEngine\install\game_engine\Lib\site-packages\game_engine
[2.578s] copying c:\Users\marti\Documents\GitHub\MasterGameEngine\build\game_engine\build\lib\game_engine\local.py -> c:\Users\marti\Documents\GitHub\MasterGameEngine\install\game_engine\Lib\site-packages\game_engine
[2.578s] creating c:\Users\marti\Documents\GitHub\MasterGameEngine\install\game_engine\Lib\site-packages\game_engine\Nodes
[2.578s] copying c:\Users\marti\Documents\GitHub\MasterGameEngine\build\game_engine\build\lib\game_engine\Nodes\listenerNode.py -> c:\Users\marti\Documents\GitHub\MasterGameEngine\install\game_engine\Lib\site-packages\game_engine\Nodes
[2.593s] copying c:\Users\marti\Documents\GitHub\MasterGameEngine\build\game_engine\build\lib\game_engine\Nodes\publisherNode.py -> c:\Users\marti\Documents\GitHub\MasterGameEngine\install\game_engine\Lib\site-packages\game_engine\Nodes
[2.593s] copying c:\Users\marti\Documents\GitHub\MasterGameEngine\build\game_engine\build\lib\game_engine\Nodes\queue.py -> c:\Users\marti\Documents\GitHub\MasterGameEngine\install\game_engine\Lib\site-packages\game_engine\Nodes
[2.593s] copying c:\Users\marti\Documents\GitHub\MasterGameEngine\build\game_engine\build\lib\game_engine\Nodes\__init__.py -> c:\Users\marti\Documents\GitHub\MasterGameEngine\install\game_engine\Lib\site-packages\game_engine\Nodes
[2.609s] copying c:\Users\marti\Documents\GitHub\MasterGameEngine\build\game_engine\build\lib\game_engine\__init__.py -> c:\Users\marti\Documents\GitHub\MasterGameEngine\install\game_engine\Lib\site-packages\game_engine
[2.609s] writing byte-compilation script 'C:\Users\marti\AppData\Local\Temp\tmpoxrg0zvq.py'
[2.609s] c:\opt\ros\foxy\x64\python.exe C:\Users\marti\AppData\Local\Temp\tmpoxrg0zvq.py
[2.812s] removing C:\Users\marti\AppData\Local\Temp\tmpoxrg0zvq.py
[2.812s] running install_data
[2.812s] creating c:\Users\marti\Documents\GitHub\MasterGameEngine\install\game_engine\share\ament_index
[2.812s] creating c:\Users\marti\Documents\GitHub\MasterGameEngine\install\game_engine\share\ament_index\resource_index
[2.812s] creating c:\Users\marti\Documents\GitHub\MasterGameEngine\install\game_engine\share\ament_index\resource_index\packages
[2.812s] copying resource\game_engine -> c:\Users\marti\Documents\GitHub\MasterGameEngine\install\game_engine\share\ament_index\resource_index\packages
[2.828s] copying package.xml -> c:\Users\marti\Documents\GitHub\MasterGameEngine\install\game_engine\share\game_engine
[2.828s] running install_egg_info
[2.875s] Copying c:\Users\marti\Documents\GitHub\MasterGameEngine\build\game_engine\game_engine.egg-info to c:\Users\marti\Documents\GitHub\MasterGameEngine\install\game_engine\Lib\site-packages\game_engine-0.0.0-py3.8.egg-info
[2.921s] running install_scripts
[3.093s] Installing lan-script.py script to c:\Users\marti\Documents\GitHub\MasterGameEngine\install\game_engine\lib\game_engine
[3.093s] Installing lan.exe script to c:\Users\marti\Documents\GitHub\MasterGameEngine\install\game_engine\lib\game_engine
[3.093s] Installing local-script.py script to c:\Users\marti\Documents\GitHub\MasterGameEngine\install\game_engine\lib\game_engine
[3.093s] Installing local.exe script to c:\Users\marti\Documents\GitHub\MasterGameEngine\install\game_engine\lib\game_engine
[3.109s] writing list of installed files to 'c:\Users\marti\Documents\GitHub\MasterGameEngine\build\game_engine\install.log'
[3.140s] Invoked command in 'c:\Users\marti\Documents\GitHub\MasterGameEngine' returned '0': PYTHONPATH=c:\Users\marti\Documents\GitHub\MasterGameEngine\install\game_engine\Lib\site-packages;%PYTHONPATH% c:\opt\ros\foxy\x64\python.exe setup.py egg_info --egg-base c:\Users\marti\Documents\GitHub\MasterGameEngine\build\game_engine build --build-base c:\Users\marti\Documents\GitHub\MasterGameEngine\build\game_engine\build install --prefix c:\Users\marti\Documents\GitHub\MasterGameEngine\install\game_engine --record c:\Users\marti\Documents\GitHub\MasterGameEngine\build\game_engine\install.log --single-version-externally-managed
