c:\Users\marti\Documents\GitHub\GameEngine\install\game_engine\Lib\site-packages\game_engine\lan.py
c:\Users\marti\Documents\GitHub\GameEngine\install\game_engine\Lib\site-packages\game_engine\local.py
c:\Users\marti\Documents\GitHub\GameEngine\install\game_engine\Lib\site-packages\game_engine\__init__.py
c:\Users\marti\Documents\GitHub\GameEngine\install\game_engine\Lib\site-packages\game_engine/Engine\boards.py
c:\Users\marti\Documents\GitHub\GameEngine\install\game_engine\Lib\site-packages\game_engine/Engine\coordinate.py
c:\Users\marti\Documents\GitHub\GameEngine\install\game_engine\Lib\site-packages\game_engine/Engine\error.py
c:\Users\marti\Documents\GitHub\GameEngine\install\game_engine\Lib\site-packages\game_engine/Engine\gameEngine.py
c:\Users\marti\Documents\GitHub\GameEngine\install\game_engine\Lib\site-packages\game_engine/Engine\__init__.py
c:\Users\marti\Documents\GitHub\GameEngine\install\game_engine\Lib\site-packages\game_engine/Engine/Players\ai.py
c:\Users\marti\Documents\GitHub\GameEngine\install\game_engine\Lib\site-packages\game_engine/Engine/Players\lan_ai.py
c:\Users\marti\Documents\GitHub\GameEngine\install\game_engine\Lib\site-packages\game_engine/Engine/Players\lan_player.py
c:\Users\marti\Documents\GitHub\GameEngine\install\game_engine\Lib\site-packages\game_engine/Engine/Players\lan_target.py
c:\Users\marti\Documents\GitHub\GameEngine\install\game_engine\Lib\site-packages\game_engine/Engine/Players\player.py
c:\Users\marti\Documents\GitHub\GameEngine\install\game_engine\Lib\site-packages\game_engine/Engine/Players\__init__.py
c:\Users\marti\Documents\GitHub\GameEngine\install\game_engine\Lib\site-packages\game_engine/Nodes\listenerNode.py
c:\Users\marti\Documents\GitHub\GameEngine\install\game_engine\Lib\site-packages\game_engine/Nodes\publisherNode.py
c:\Users\marti\Documents\GitHub\GameEngine\install\game_engine\Lib\site-packages\game_engine/Nodes\queue.py
c:\Users\marti\Documents\GitHub\GameEngine\install\game_engine\Lib\site-packages\game_engine/Nodes\__init__.py
c:\Users\marti\Documents\GitHub\GameEngine\install\game_engine\Lib\site-packages\game_engine/Connection\connect.py
c:\Users\marti\Documents\GitHub\GameEngine\install\game_engine\Lib\site-packages\game_engine/Connection\__init__.py
c:\Users\marti\Documents\GitHub\GameEngine\install\game_engine\Lib\site-packages\game_engine\__pycache__\lan.cpython-38.pyc
c:\Users\marti\Documents\GitHub\GameEngine\install\game_engine\Lib\site-packages\game_engine\__pycache__\local.cpython-38.pyc
c:\Users\marti\Documents\GitHub\GameEngine\install\game_engine\Lib\site-packages\game_engine\__pycache__\__init__.cpython-38.pyc
c:\Users\marti\Documents\GitHub\GameEngine\install\game_engine\Lib\site-packages\game_engine/Engine\__pycache__\boards.cpython-38.pyc
c:\Users\marti\Documents\GitHub\GameEngine\install\game_engine\Lib\site-packages\game_engine/Engine\__pycache__\coordinate.cpython-38.pyc
c:\Users\marti\Documents\GitHub\GameEngine\install\game_engine\Lib\site-packages\game_engine/Engine\__pycache__\error.cpython-38.pyc
c:\Users\marti\Documents\GitHub\GameEngine\install\game_engine\Lib\site-packages\game_engine/Engine\__pycache__\gameEngine.cpython-38.pyc
c:\Users\marti\Documents\GitHub\GameEngine\install\game_engine\Lib\site-packages\game_engine/Engine\__pycache__\__init__.cpython-38.pyc
c:\Users\marti\Documents\GitHub\GameEngine\install\game_engine\Lib\site-packages\game_engine/Engine/Players\__pycache__\ai.cpython-38.pyc
c:\Users\marti\Documents\GitHub\GameEngine\install\game_engine\Lib\site-packages\game_engine/Engine/Players\__pycache__\lan_ai.cpython-38.pyc
c:\Users\marti\Documents\GitHub\GameEngine\install\game_engine\Lib\site-packages\game_engine/Engine/Players\__pycache__\lan_player.cpython-38.pyc
c:\Users\marti\Documents\GitHub\GameEngine\install\game_engine\Lib\site-packages\game_engine/Engine/Players\__pycache__\lan_target.cpython-38.pyc
c:\Users\marti\Documents\GitHub\GameEngine\install\game_engine\Lib\site-packages\game_engine/Engine/Players\__pycache__\player.cpython-38.pyc
c:\Users\marti\Documents\GitHub\GameEngine\install\game_engine\Lib\site-packages\game_engine/Engine/Players\__pycache__\__init__.cpython-38.pyc
c:\Users\marti\Documents\GitHub\GameEngine\install\game_engine\Lib\site-packages\game_engine/Nodes\__pycache__\listenerNode.cpython-38.pyc
c:\Users\marti\Documents\GitHub\GameEngine\install\game_engine\Lib\site-packages\game_engine/Nodes\__pycache__\publisherNode.cpython-38.pyc
c:\Users\marti\Documents\GitHub\GameEngine\install\game_engine\Lib\site-packages\game_engine/Nodes\__pycache__\queue.cpython-38.pyc
c:\Users\marti\Documents\GitHub\GameEngine\install\game_engine\Lib\site-packages\game_engine/Nodes\__pycache__\__init__.cpython-38.pyc
c:\Users\marti\Documents\GitHub\GameEngine\install\game_engine\Lib\site-packages\game_engine/Connection\__pycache__\connect.cpython-38.pyc
c:\Users\marti\Documents\GitHub\GameEngine\install\game_engine\Lib\site-packages\game_engine/Connection\__pycache__\__init__.cpython-38.pyc
c:\Users\marti\Documents\GitHub\GameEngine\install\game_engine\share\ament_index\resource_index\packages\game_engine
c:\Users\marti\Documents\GitHub\GameEngine\install\game_engine\share\game_engine\package.xml
c:\Users\marti\Documents\GitHub\GameEngine\install\game_engine\Lib\site-packages\game_engine-0.0.0-py3.8.egg-info\dependency_links.txt
c:\Users\marti\Documents\GitHub\GameEngine\install\game_engine\Lib\site-packages\game_engine-0.0.0-py3.8.egg-info\entry_points.txt
c:\Users\marti\Documents\GitHub\GameEngine\install\game_engine\Lib\site-packages\game_engine-0.0.0-py3.8.egg-info\PKG-INFO
c:\Users\marti\Documents\GitHub\GameEngine\install\game_engine\Lib\site-packages\game_engine-0.0.0-py3.8.egg-info\requires.txt
c:\Users\marti\Documents\GitHub\GameEngine\install\game_engine\Lib\site-packages\game_engine-0.0.0-py3.8.egg-info\SOURCES.txt
c:\Users\marti\Documents\GitHub\GameEngine\install\game_engine\Lib\site-packages\game_engine-0.0.0-py3.8.egg-info\top_level.txt
c:\Users\marti\Documents\GitHub\GameEngine\install\game_engine\Lib\site-packages\game_engine-0.0.0-py3.8.egg-info\zip-safe
c:\Users\marti\Documents\GitHub\GameEngine\install\game_engine\lib\game_engine\lan-script.py
c:\Users\marti\Documents\GitHub\GameEngine\install\game_engine\lib\game_engine\lan.exe
c:\Users\marti\Documents\GitHub\GameEngine\install\game_engine\lib\game_engine\local-script.py
c:\Users\marti\Documents\GitHub\GameEngine\install\game_engine\lib\game_engine\local.exe
