[4.272s] [34mcolcon[0m [1;30mDEBUG[0m [32mCommand line arguments: ['c:\\opt\\ros\\foxy\\x64\\Scripts\\colcon', 'build', '--packages-select', 'game_engine'][0m
[4.273s] [34mcolcon[0m [1;30mDEBUG[0m [32mParsed command line arguments: Namespace(ament_cmake_args=None, base_paths=['.'], build_base='build', catkin_cmake_args=None, catkin_skip_building_tests=False, cmake_args=None, cmake_clean_cache=False, cmake_clean_first=False, cmake_force_configure=False, cmake_target=None, cmake_target_skip_unavailable=False, continue_on_error=False, event_handlers=None, executor='parallel', ignore_user_meta=False, install_base='install', log_base=None, log_level=None, main=<bound method BuildVerb.main of <colcon_core.verb.build.BuildVerb object at 0x000001964FD76340>>, merge_install=False, metas=['./colcon.meta'], packages_above=None, packages_above_and_dependencies=None, packages_above_depth=None, packages_end=None, packages_ignore=None, packages_ignore_regex=None, packages_select=['game_engine'], packages_select_build_failed=False, packages_select_by_dep=None, packages_select_regex=None, packages_select_test_failures=False, packages_skip=None, packages_skip_build_finished=False, packages_skip_by_dep=None, packages_skip_regex=None, packages_skip_test_passed=False, packages_skip_up_to=None, packages_start=None, packages_up_to=None, packages_up_to_regex=None, parallel_workers=4, paths=None, symlink_install=False, test_result_base=None, verb_extension=<colcon_core.verb.build.BuildVerb object at 0x000001964FD76340>, verb_name='build', verb_parser=<colcon_defaults.argument_parser.defaults.DefaultArgumentsDecorator object at 0x000001964FD767F0>)[0m
[4.425s] [34mcolcon.colcon_core.package_discovery[0m [1;30mLevel 1[0m discover_packages(colcon_meta) check parameters
[4.426s] [34mcolcon.colcon_core.package_discovery[0m [1;30mLevel 1[0m discover_packages(recursive) check parameters
[4.426s] [34mcolcon.colcon_core.package_discovery[0m [1;30mLevel 1[0m discover_packages(ignore) check parameters
[4.426s] [34mcolcon.colcon_core.package_discovery[0m [1;30mLevel 1[0m discover_packages(path) check parameters
[4.426s] [34mcolcon.colcon_core.package_discovery[0m [1;30mLevel 1[0m discover_packages(colcon_meta) discover
[4.426s] [34mcolcon.colcon_core.package_discovery[0m [1;30mLevel 1[0m discover_packages(recursive) discover
[4.426s] [34mcolcon.colcon_core.package_discovery[0m [1;30mINFO[0m Crawling recursively for packages in 'c:\Users\marti\Documents\GitHub\MasterGameEngine'
[4.427s] [34mcolcon.colcon_core.package_identification[0m [1;30mLevel 1[0m _identify(.) by extensions ['ignore', 'ignore_ament_install']
[4.427s] [34mcolcon.colcon_core.package_identification[0m [1;30mLevel 1[0m _identify(.) by extension 'ignore'
[4.427s] [34mcolcon.colcon_core.package_identification[0m [1;30mLevel 1[0m _identify(.) by extension 'ignore_ament_install'
[4.428s] [34mcolcon.colcon_core.package_identification[0m [1;30mLevel 1[0m _identify(.) by extensions ['colcon_pkg']
[4.428s] [34mcolcon.colcon_core.package_identification[0m [1;30mLevel 1[0m _identify(.) by extension 'colcon_pkg'
[4.428s] [34mcolcon.colcon_core.package_identification[0m [1;30mLevel 1[0m _identify(.) by extensions ['colcon_meta']
[4.428s] [34mcolcon.colcon_core.package_identification[0m [1;30mLevel 1[0m _identify(.) by extension 'colcon_meta'
[4.428s] [34mcolcon.colcon_core.package_identification[0m [1;30mLevel 1[0m _identify(.) by extensions ['ros']
[4.428s] [34mcolcon.colcon_core.package_identification[0m [1;30mLevel 1[0m _identify(.) by extension 'ros'
[4.489s] [34mcolcon.colcon_core.package_identification[0m [1;30mDEBUG[0m [32mPackage '.' with type 'ros.ament_python' and name 'game_engine'[0m
[4.489s] [34mcolcon.colcon_core.package_discovery[0m [1;30mLevel 1[0m discover_packages(recursive) using defaults
[4.489s] [34mcolcon.colcon_core.package_discovery[0m [1;30mLevel 1[0m discover_packages(ignore) discover
[4.489s] [34mcolcon.colcon_core.package_discovery[0m [1;30mLevel 1[0m discover_packages(ignore) using defaults
[4.489s] [34mcolcon.colcon_core.package_discovery[0m [1;30mLevel 1[0m discover_packages(path) discover
[4.489s] [34mcolcon.colcon_core.package_discovery[0m [1;30mLevel 1[0m discover_packages(path) using defaults
[4.549s] [34mcolcon.colcon_core.verb[0m [1;30mLevel 5[0m set package 'game_engine' build argument 'cmake_args' from command line to 'None'
[4.549s] [34mcolcon.colcon_core.verb[0m [1;30mLevel 5[0m set package 'game_engine' build argument 'cmake_target' from command line to 'None'
[4.549s] [34mcolcon.colcon_core.verb[0m [1;30mLevel 5[0m set package 'game_engine' build argument 'cmake_target_skip_unavailable' from command line to 'False'
[4.549s] [34mcolcon.colcon_core.verb[0m [1;30mLevel 5[0m set package 'game_engine' build argument 'cmake_clean_cache' from command line to 'False'
[4.550s] [34mcolcon.colcon_core.verb[0m [1;30mLevel 5[0m set package 'game_engine' build argument 'cmake_clean_first' from command line to 'False'
[4.550s] [34mcolcon.colcon_core.verb[0m [1;30mLevel 5[0m set package 'game_engine' build argument 'cmake_force_configure' from command line to 'False'
[4.550s] [34mcolcon.colcon_core.verb[0m [1;30mLevel 5[0m set package 'game_engine' build argument 'ament_cmake_args' from command line to 'None'
[4.550s] [34mcolcon.colcon_core.verb[0m [1;30mLevel 5[0m set package 'game_engine' build argument 'catkin_cmake_args' from command line to 'None'
[4.550s] [34mcolcon.colcon_core.verb[0m [1;30mLevel 5[0m set package 'game_engine' build argument 'catkin_skip_building_tests' from command line to 'False'
[4.550s] [34mcolcon.colcon_core.verb[0m [1;30mDEBUG[0m [32mBuilding package 'game_engine' with the following arguments: {'ament_cmake_args': None, 'build_base': 'c:\\Users\\marti\\Documents\\GitHub\\MasterGameEngine\\build\\game_engine', 'catkin_cmake_args': None, 'catkin_skip_building_tests': False, 'cmake_args': None, 'cmake_clean_cache': False, 'cmake_clean_first': False, 'cmake_force_configure': False, 'cmake_target': None, 'cmake_target_skip_unavailable': False, 'install_base': 'c:\\Users\\marti\\Documents\\GitHub\\MasterGameEngine\\install\\game_engine', 'merge_install': False, 'path': 'c:\\Users\\marti\\Documents\\GitHub\\MasterGameEngine', 'symlink_install': False, 'test_result_base': None}[0m
[4.554s] [34mcolcon.colcon_core.executor[0m [1;30mINFO[0m Executing jobs using 'parallel' executor
[4.590s] [34mcolcon.colcon_parallel_executor.executor.parallel[0m [1;30mDEBUG[0m [32mrun_until_complete[0m
[4.591s] [34mcolcon.colcon_ros.task.ament_python.build[0m [1;30mINFO[0m Building ROS package in 'c:\Users\marti\Documents\GitHub\MasterGameEngine' with build type 'ament_python'
[4.592s] [34mcolcon.colcon_core.shell[0m [1;30mLevel 1[0m create_environment_hook('game_engine', 'ament_prefix_path')
[4.610s] [34mcolcon.colcon_core.plugin_system[0m [1;30mINFO[0m Skipping extension 'colcon_core.shell.sh': Not used on Windows systems
[4.611s] [34mcolcon.colcon_core.shell[0m [1;30mINFO[0m Creating environment hook 'c:\Users\marti\Documents\GitHub\MasterGameEngine\install\game_engine\share\game_engine\hook\ament_prefix_path.ps1'
[4.625s] [34mcolcon.colcon_core.shell[0m [1;30mINFO[0m Creating environment hook 'c:\Users\marti\Documents\GitHub\MasterGameEngine\install\game_engine\share\game_engine\hook\ament_prefix_path.bat'
[4.647s] [34mcolcon.colcon_core.shell[0m [1;30mINFO[0m Creating environment descriptor 'c:\Users\marti\Documents\GitHub\MasterGameEngine\install\game_engine\share\game_engine\hook\ament_prefix_path.dsv'
[4.667s] [34mcolcon.colcon_core.shell[0m [1;30mINFO[0m Skip shell extension 'powershell' for command environment: Not usable outside of PowerShell
[4.688s] [34mcolcon.colcon_ros.prefix_path.catkin[0m [1;30mWARNING[0m [33mThe path 'C:\opt\ros\foxy\x64\tools\vcpkg\installed\x64-windows' in the environment variable CMAKE_PREFIX_PATH doesn't exist[0m
[5.788s] [34mcolcon.colcon_core.task.python.build[0m [1;30mINFO[0m Building Python package in 'c:\Users\marti\Documents\GitHub\MasterGameEngine'
[5.803s] [34mcolcon.colcon_core.shell[0m [1;30mINFO[0m Skip shell extension 'powershell' for command environment: Not usable outside of PowerShell
[5.919s] [34mcolcon.colcon_core.event_handler.log_command[0m [1;30mDEBUG[0m [32mInvoking command in 'c:\Users\marti\Documents\GitHub\MasterGameEngine': PYTHONPATH=c:\Users\marti\Documents\GitHub\MasterGameEngine\install\game_engine\Lib\site-packages;%PYTHONPATH% c:\opt\ros\foxy\x64\python.exe setup.py egg_info --egg-base c:\Users\marti\Documents\GitHub\MasterGameEngine\build\game_engine build --build-base c:\Users\marti\Documents\GitHub\MasterGameEngine\build\game_engine\build install --prefix c:\Users\marti\Documents\GitHub\MasterGameEngine\install\game_engine --record c:\Users\marti\Documents\GitHub\MasterGameEngine\build\game_engine\install.log --single-version-externally-managed[0m
[7.739s] [34mcolcon.colcon_core.event_handler.log_command[0m [1;30mDEBUG[0m [32mInvoked command in 'c:\Users\marti\Documents\GitHub\MasterGameEngine' returned '0': PYTHONPATH=c:\Users\marti\Documents\GitHub\MasterGameEngine\install\game_engine\Lib\site-packages;%PYTHONPATH% c:\opt\ros\foxy\x64\python.exe setup.py egg_info --egg-base c:\Users\marti\Documents\GitHub\MasterGameEngine\build\game_engine build --build-base c:\Users\marti\Documents\GitHub\MasterGameEngine\build\game_engine\build install --prefix c:\Users\marti\Documents\GitHub\MasterGameEngine\install\game_engine --record c:\Users\marti\Documents\GitHub\MasterGameEngine\build\game_engine\install.log --single-version-externally-managed[0m
[7.778s] [34mcolcon.colcon_core.environment[0m [1;30mLevel 1[0m checking 'c:\Users\marti\Documents\GitHub\MasterGameEngine\install\game_engine' for CMake module files
[7.780s] [34mcolcon.colcon_core.environment[0m [1;30mLevel 1[0m checking 'c:\Users\marti\Documents\GitHub\MasterGameEngine\install\game_engine' for CMake config files
[7.784s] [34mcolcon.colcon_core.environment[0m [1;30mLevel 1[0m checking 'c:\Users\marti\Documents\GitHub\MasterGameEngine\install\game_engine\bin'
[7.785s] [34mcolcon.colcon_core.environment[0m [1;30mLevel 1[0m checking 'c:\Users\marti\Documents\GitHub\MasterGameEngine\install\game_engine\bin'
[7.785s] [34mcolcon.colcon_core.environment[0m [1;30mLevel 1[0m checking 'c:\Users\marti\Documents\GitHub\MasterGameEngine\install\game_engine\Scripts'
[7.785s] [34mcolcon.colcon_core.environment[0m [1;30mLevel 1[0m checking 'c:\Users\marti\Documents\GitHub\MasterGameEngine\install\game_engine\lib\pkgconfig\game_engine.pc'
[7.785s] [34mcolcon.colcon_core.environment[0m [1;30mLevel 1[0m checking 'c:\Users\marti\Documents\GitHub\MasterGameEngine\install\game_engine\Lib\site-packages'
[7.785s] [34mcolcon.colcon_core.shell[0m [1;30mLevel 1[0m create_environment_hook('game_engine', 'pythonpath')
[7.794s] [34mcolcon.colcon_core.shell[0m [1;30mINFO[0m Creating environment hook 'c:\Users\marti\Documents\GitHub\MasterGameEngine\install\game_engine\share\game_engine\hook\pythonpath.ps1'
[7.797s] [34mcolcon.colcon_core.shell[0m [1;30mINFO[0m Creating environment hook 'c:\Users\marti\Documents\GitHub\MasterGameEngine\install\game_engine\share\game_engine\hook\pythonpath.bat'
[7.799s] [34mcolcon.colcon_core.shell[0m [1;30mINFO[0m Creating environment descriptor 'c:\Users\marti\Documents\GitHub\MasterGameEngine\install\game_engine\share\game_engine\hook\pythonpath.dsv'
[7.802s] [34mcolcon.colcon_core.environment[0m [1;30mLevel 1[0m create_environment_scripts_only(game_engine)
[7.811s] [34mcolcon.colcon_core.shell[0m [1;30mINFO[0m Creating package script 'c:\Users\marti\Documents\GitHub\MasterGameEngine\install\game_engine\share\game_engine\package.ps1'
[7.823s] [34mcolcon.colcon_core.shell[0m [1;30mINFO[0m Creating package script 'c:\Users\marti\Documents\GitHub\MasterGameEngine\install\game_engine\share\game_engine\package.bat'
[7.833s] [34mcolcon.colcon_core.shell[0m [1;30mINFO[0m Creating package descriptor 'c:\Users\marti\Documents\GitHub\MasterGameEngine\install\game_engine\share\game_engine\package.dsv'
[7.841s] [34mcolcon.colcon_core.environment[0m [1;30mLevel 1[0m create_file_with_runtime_dependencies(c:\Users\marti\Documents\GitHub\MasterGameEngine\install\game_engine\share\colcon-core\packages\game_engine)
[7.844s] [34mcolcon.colcon_parallel_executor.executor.parallel[0m [1;30mDEBUG[0m [32mrun_until_complete finished with '0'[0m
[7.844s] [34mcolcon.colcon_core.event_reactor[0m [1;30mDEBUG[0m [32mjoining thread[0m
[7.883s] [34mcolcon.colcon_core.plugin_system[0m [1;30mINFO[0m Skipping extension 'colcon_notification.desktop_notification.notify2': 'notify2' not found
[7.883s] [34mcolcon.colcon_core.plugin_system[0m [1;30mINFO[0m Skipping extension 'colcon_notification.desktop_notification.notify_send': Not used on non-Linux systems
[7.884s] [34mcolcon.colcon_core.plugin_system[0m [1;30mINFO[0m Skipping extension 'colcon_notification.desktop_notification.terminal_notifier': Not used on non-Darwin systems
[7.884s] [34mcolcon.colcon_notification.desktop_notification[0m [1;30mINFO[0m Sending desktop notification using 'win32'
[13.024s] [34mcolcon.colcon_core.event_reactor[0m [1;30mDEBUG[0m [32mjoined thread[0m
[13.039s] [34mcolcon.colcon_core.shell[0m [1;30mINFO[0m Creating prefix script 'c:\Users\marti\Documents\GitHub\MasterGameEngine\install\local_setup.ps1'
[13.051s] [34mcolcon.colcon_core.shell[0m [1;30mINFO[0m Creating prefix util module 'c:\Users\marti\Documents\GitHub\MasterGameEngine\install\_local_setup_util_ps1.py'
[13.062s] [34mcolcon.colcon_core.shell[0m [1;30mINFO[0m Creating prefix chain script 'c:\Users\marti\Documents\GitHub\MasterGameEngine\install\setup.ps1'
[13.085s] [34mcolcon.colcon_core.shell[0m [1;30mINFO[0m Creating prefix script 'c:\Users\marti\Documents\GitHub\MasterGameEngine\install\local_setup.bat'
[13.100s] [34mcolcon.colcon_core.shell[0m [1;30mINFO[0m Creating prefix util module 'c:\Users\marti\Documents\GitHub\MasterGameEngine\install\_local_setup_util_bat.py'
[13.102s] [34mcolcon.colcon_core.shell[0m [1;30mINFO[0m Creating prefix chain script 'c:\Users\marti\Documents\GitHub\MasterGameEngine\install\setup.bat'
